Running: fuse.exe -relaunch -intstyle "ise" -incremental -o "C:/Users/mgala/Documents/Xilinx Projects/LAB04/TB_TOP_MODULE_isim_beh.exe" -prj "C:/Users/mgala/Documents/Xilinx Projects/LAB04/TB_TOP_MODULE_beh.prj" "work.TB_TOP_MODULE" 
ISim O.87xd (signature 0xc3576ebc)
Number of CPUs detected in this system: 4
Turning on mult-threading, number of parallel sub-compilation jobs: 8 
Determining compilation order of HDL files
Parsing VHDL file "C:/Users/mgala/Documents/Xilinx Projects/LAB04/ipcore_dir/Stack.vhd" into library work
Parsing VHDL file "C:/Users/mgala/Documents/Xilinx Projects/LAB04/ssd_Mux_32to8.vhd" into library work
Parsing VHDL file "C:/Users/mgala/Documents/Xilinx Projects/LAB04/ssd_Mux5To4.vhd" into library work
Parsing VHDL file "C:/Users/mgala/Documents/Xilinx Projects/LAB04/ssd_Decoder.vhd" into library work
Parsing VHDL file "C:/Users/mgala/Documents/Xilinx Projects/LAB04/StackFSM.vhd" into library work
Parsing VHDL file "C:/Users/mgala/Documents/Xilinx Projects/LAB04/ssd_Fsm.vhd" into library work
Parsing VHDL file "C:/Users/mgala/Documents/Xilinx Projects/LAB04/ssd_Decoder2To4.vhd" into library work
Parsing VHDL file "C:/Users/mgala/Documents/Xilinx Projects/LAB04/ssd_DataPath.vhd" into library work
Parsing VHDL file "C:/Users/mgala/Documents/Xilinx Projects/LAB04/ssd_Comparator.vhd" into library work
Parsing VHDL file "C:/Users/mgala/Documents/Xilinx Projects/LAB04/ssdCounter.vhd" into library work
Parsing VHDL file "C:/Users/mgala/Documents/Xilinx Projects/LAB04/singlepulsegen.vhd" into library work
Parsing VHDL file "C:/Users/mgala/Documents/Xilinx Projects/LAB04/OperationFSM.vhd" into library work
Parsing VHDL file "C:/Users/mgala/Documents/Xilinx Projects/LAB04/FlipFlop.vhd" into library work
Parsing VHDL file "C:/Users/mgala/Documents/Xilinx Projects/LAB04/Counter.vhd" into library work
Parsing VHDL file "C:/Users/mgala/Documents/Xilinx Projects/LAB04/Comparator_4Bit.vhd" into library work
Parsing VHDL file "C:/Users/mgala/Documents/Xilinx Projects/LAB04/SSD_CONTROLLER.vhd" into library work
Parsing VHDL file "C:/Users/mgala/Documents/Xilinx Projects/LAB04/CONTROLLER.vhd" into library work
Parsing VHDL file "C:/Users/mgala/Documents/Xilinx Projects/LAB04/TOP_MODULE.vhd" into library work
Parsing VHDL file "C:/Users/mgala/Documents/Xilinx Projects/LAB04/TB_TOP_MODULE.vhd" into library work
Starting static elaboration
Completed static elaboration
Compiling package standard
Compiling package std_logic_1164
Compiling package numeric_std
Compiling package std_logic_arith
Compiling package std_logic_unsigned
Compiling architecture behavioral of entity singlepulsegen [singlepulsegen_default]
Compiling architecture behavioral of entity Counter [counter_default]
Compiling architecture behavioral of entity Comparator_4Bit [comparator_4bit_default]
Compiling architecture behavioral of entity FlipFlop [flipflop_default]
Compiling package textio
Compiling package std_logic_textio
Compiling architecture output_stage_behavioral of entity BLK_MEM_GEN_V6_3_output_stage [\BLK_MEM_GEN_V6_3_output_stage("...]
Compiling architecture softecc_output_reg_stage_behavioral of entity BLK_MEM_GEN_V6_3_softecc_output_reg_stage [\BLK_MEM_GEN_V6_3_softecc_output...]
Compiling architecture mem_module_behavioral of entity BLK_MEM_GEN_V6_3_mem_module [\BLK_MEM_GEN_V6_3_mem_module("bl...]
Compiling architecture behavioral of entity BLK_MEM_GEN_V6_3 [\BLK_MEM_GEN_V6_3("blk_mem_gen_v...]
Compiling architecture stack_a of entity Stack [stack_default]
Compiling architecture behavioral of entity StackFSM [stackfsm_default]
Compiling architecture behavioral of entity OperationFSM [operationfsm_default]
Compiling architecture structural of entity STACK_CONTROLLER [stack_controller_default]
Compiling architecture behavioral of entity ssd_Comparator [ssd_comparator_default]
Compiling architecture behavioral of entity ssd_Counter [ssd_counter_default]
Compiling architecture behavioral of entity ssd_Fsm [ssd_fsm_default]
Compiling architecture behavioral of entity ssd_Decoder [ssd_decoder_default]
Compiling architecture behavioral of entity ssd_Mux32To8 [ssd_mux32to8_default]
Compiling architecture behavioral of entity ssd_Mux5To4 [ssd_mux5to4_default]
Compiling architecture structural of entity ssd_DataPath [ssd_datapath_default]
Compiling architecture behavioral of entity ssd_Decoder2To4 [ssd_decoder2to4_default]
Compiling architecture structural of entity SSD_CONTROLLER [ssd_controller_default]
Compiling architecture structural of entity TOP_MODULE [top_module_default]
Compiling architecture behavior of entity tb_top_module
Time Resolution for simulation is 1ps.
Waiting for 15 sub-compilation(s) to finish...
Compiled 52 VHDL Units
Built simulation executable C:/Users/mgala/Documents/Xilinx Projects/LAB04/TB_TOP_MODULE_isim_beh.exe
Fuse Memory Usage: 41604 KB
Fuse CPU Usage: 546 ms
