Release 13.4 - xst O.87xd (nt64)
Copyright (c) 1995-2011 Xilinx, Inc.  All rights reserved.
--> Parameter TMPDIR set to xst/projnav.tmp


Total REAL time to Xst completion: 0.00 secs
Total CPU time to Xst completion: 0.06 secs
 
--> Parameter xsthdpdir set to xst


Total REAL time to Xst completion: 0.00 secs
Total CPU time to Xst completion: 0.06 secs
 
--> Reading design: TOP_FSM.prj

TABLE OF CONTENTS
  1) Synthesis Options Summary
  2) HDL Compilation
  3) Design Hierarchy Analysis
  4) HDL Analysis
  5) HDL Synthesis
     5.1) HDL Synthesis Report
  6) Advanced HDL Synthesis
     6.1) Advanced HDL Synthesis Report
  7) Low Level Synthesis
  8) Partition Report
  9) Final Report
	9.1) Device utilization summary
	9.2) Partition Resource Summary
	9.3) TIMING REPORT


=========================================================================
*                      Synthesis Options Summary                        *
=========================================================================
---- Source Parameters
Input File Name                    : "TOP_FSM.prj"
Input Format                       : mixed
Ignore Synthesis Constraint File   : NO

---- Target Parameters
Output File Name                   : "TOP_FSM"
Output Format                      : NGC
Target Device                      : xc3s100e-5-cp132

---- Source Options
Top Module Name                    : TOP_FSM
Automatic FSM Extraction           : YES
FSM Encoding Algorithm             : Auto
Safe Implementation                : No
FSM Style                          : LUT
RAM Extraction                     : Yes
RAM Style                          : Auto
ROM Extraction                     : Yes
Mux Style                          : Auto
Decoder Extraction                 : YES
Priority Encoder Extraction        : Yes
Shift Register Extraction          : YES
Logical Shifter Extraction         : YES
XOR Collapsing                     : YES
ROM Style                          : Auto
Mux Extraction                     : Yes
Resource Sharing                   : YES
Asynchronous To Synchronous        : NO
Multiplier Style                   : Auto
Automatic Register Balancing       : No

---- Target Options
Add IO Buffers                     : YES
Global Maximum Fanout              : 100000
Add Generic Clock Buffer(BUFG)     : 24
Register Duplication               : YES
Slice Packing                      : YES
Optimize Instantiated Primitives   : NO
Use Clock Enable                   : Yes
Use Synchronous Set                : Yes
Use Synchronous Reset              : Yes
Pack IO Registers into IOBs        : Auto
Equivalent register Removal        : YES

---- General Options
Optimization Goal                  : Speed
Optimization Effort                : 1
Keep Hierarchy                     : No
Netlist Hierarchy                  : As_Optimized
RTL Output                         : Yes
Global Optimization                : AllClockNets
Read Cores                         : YES
Write Timing Constraints           : NO
Cross Clock Analysis               : NO
Hierarchy Separator                : /
Bus Delimiter                      : <>
Case Specifier                     : Maintain
Slice Utilization Ratio            : 100
BRAM Utilization Ratio             : 100
Verilog 2001                       : YES
Auto BRAM Packing                  : NO
Slice Utilization Ratio Delta      : 5

=========================================================================


=========================================================================
*                          HDL Compilation                              *
=========================================================================
Compiling vhdl file "C:/Users/mgala/Documents/Xilinx Projects/LAB02_PART_B/singlepulsegen.vhd" in Library work.
Architecture behavioral of Entity singlepulsegen is up to date.
Compiling vhdl file "C:/Users/mgala/Documents/Xilinx Projects/LAB02_PART_B/FSM.vhd" in Library work.
Entity <fsm> compiled.
Entity <fsm> (Architecture <behavioral>) compiled.
Compiling vhdl file "C:/Users/mgala/Documents/Xilinx Projects/LAB02_PART_B/TOP_FSM.vhd" in Library work.
Architecture structural of Entity top_fsm is up to date.

=========================================================================
*                     Design Hierarchy Analysis                         *
=========================================================================
Analyzing hierarchy for entity <TOP_FSM> in library <work> (architecture <structural>).

Analyzing hierarchy for entity <singlepulsegen> in library <work> (architecture <behavioral>).

Analyzing hierarchy for entity <FSM> in library <work> (architecture <behavioral>).


=========================================================================
*                            HDL Analysis                               *
=========================================================================
Analyzing Entity <TOP_FSM> in library <work> (Architecture <structural>).
Entity <TOP_FSM> analyzed. Unit <TOP_FSM> generated.

Analyzing Entity <singlepulsegen> in library <work> (Architecture <behavioral>).
Entity <singlepulsegen> analyzed. Unit <singlepulsegen> generated.

Analyzing Entity <FSM> in library <work> (Architecture <behavioral>).
Entity <FSM> analyzed. Unit <FSM> generated.


=========================================================================
*                           HDL Synthesis                               *
=========================================================================

Performing bidirectional port resolution...

Synthesizing Unit <singlepulsegen>.
    Related source file is "C:/Users/mgala/Documents/Xilinx Projects/LAB02_PART_B/singlepulsegen.vhd".
    Found finite state machine <FSM_0> for signal <currentS>.
    -----------------------------------------------------------------------
    | States             | 3                                              |
    | Transitions        | 5                                              |
    | Inputs             | 1                                              |
    | Outputs            | 1                                              |
    | Clock              | clk                       (rising_edge)        |
    | Reset              | rst                       (positive)           |
    | Reset type         | asynchronous                                   |
    | Reset State        | s0                                             |
    | Power Up State     | s0                                             |
    | Encoding           | automatic                                      |
    | Implementation     | LUT                                            |
    -----------------------------------------------------------------------
    Summary:
	inferred   1 Finite State Machine(s).
Unit <singlepulsegen> synthesized.


Synthesizing Unit <FSM>.
    Related source file is "C:/Users/mgala/Documents/Xilinx Projects/LAB02_PART_B/FSM.vhd".
    Found finite state machine <FSM_1> for signal <fsm_state>.
    -----------------------------------------------------------------------
    | States             | 3                                              |
    | Transitions        | 11                                             |
    | Inputs             | 3                                              |
    | Outputs            | 8                                              |
    | Clock              | CLK                       (rising_edge)        |
    | Reset              | RST                       (positive)           |
    | Reset type         | synchronous                                    |
    | Reset State        | a                                              |
    | Power Up State     | a                                              |
    | Encoding           | automatic                                      |
    | Implementation     | LUT                                            |
    -----------------------------------------------------------------------
    Summary:
	inferred   1 Finite State Machine(s).
Unit <FSM> synthesized.


Synthesizing Unit <TOP_FSM>.
    Related source file is "C:/Users/mgala/Documents/Xilinx Projects/LAB02_PART_B/TOP_FSM.vhd".
Unit <TOP_FSM> synthesized.


=========================================================================
HDL Synthesis Report

Found no macro
=========================================================================

=========================================================================
*                       Advanced HDL Synthesis                          *
=========================================================================

Analyzing FSM <FSM_1> for best encoding.
Optimizing FSM <FSM0/fsm_state/FSM> on signal <fsm_state[1:2]> with user encoding.
-------------------
 State | Encoding
-------------------
 a     | 00
 b     | 01
 c     | 10
-------------------
Analyzing FSM <FSM_0> for best encoding.
Optimizing FSM <SPGEN0/currentS/FSM> on signal <currentS[1:3]> with one-hot encoding.
Optimizing FSM <SPGEN1/currentS/FSM> on signal <currentS[1:3]> with one-hot encoding.
Optimizing FSM <SPGEN2/currentS/FSM> on signal <currentS[1:3]> with one-hot encoding.
-------------------
 State | Encoding
-------------------
 s0    | 001
 s1    | 010
 s2    | 100
-------------------

=========================================================================
Advanced HDL Synthesis Report

Macro Statistics
# FSMs                                                 : 2

=========================================================================

=========================================================================
*                         Low Level Synthesis                           *
=========================================================================

Optimizing unit <TOP_FSM> ...

Mapping all equations...
Building and optimizing final netlist ...
Found area constraint ratio of 100 (+ 5) on block TOP_FSM, actual ratio is 0.

Final Macro Processing ...

=========================================================================
Final Register Report

Macro Statistics
# Registers                                            : 8
 Flip-Flops                                            : 8

=========================================================================

=========================================================================
*                           Partition Report                            *
=========================================================================

Partition Implementation Status
-------------------------------

  No Partitions were found in this design.

-------------------------------

=========================================================================
*                            Final Report                               *
=========================================================================
Final Results
RTL Top Level Output File Name     : TOP_FSM.ngr
Top Level Output File Name         : TOP_FSM
Output Format                      : NGC
Optimization Goal                  : Speed
Keep Hierarchy                     : No

Design Statistics
# IOs                              : 13

Cell Usage :
# BELS                             : 14
#      INV                         : 2
#      LUT2                        : 6
#      LUT4                        : 4
#      MUXF5                       : 2
# FlipFlops/Latches                : 8
#      FDC                         : 3
#      FDP                         : 3
#      FDR                         : 2
# Clock Buffers                    : 1
#      BUFGP                       : 1
# IO Buffers                       : 12
#      IBUF                        : 4
#      OBUF                        : 8
=========================================================================

Device utilization summary:
---------------------------

Selected Device : 3s100ecp132-5 

 Number of Slices:                        5  out of    960     0%  
 Number of Slice Flip Flops:              8  out of   1920     0%  
 Number of 4 input LUTs:                 12  out of   1920     0%  
 Number of IOs:                          13
 Number of bonded IOBs:                  13  out of     83    15%  
 Number of GCLKs:                         1  out of     24     4%  

---------------------------
Partition Resource Summary:
---------------------------

  No Partitions were found in this design.

---------------------------


=========================================================================
TIMING REPORT

NOTE: THESE TIMING NUMBERS ARE ONLY A SYNTHESIS ESTIMATE.
      FOR ACCURATE TIMING INFORMATION PLEASE REFER TO THE TRACE REPORT
      GENERATED AFTER PLACE-and-ROUTE.

Clock Information:
------------------
-----------------------------------+------------------------+-------+
Clock Signal                       | Clock buffer(FF name)  | Load  |
-----------------------------------+------------------------+-------+
CLK                                | BUFGP                  | 8     |
-----------------------------------+------------------------+-------+

Asynchronous Control Signals Information:
----------------------------------------
-----------------------------------+------------------------+-------+
Control Signal                     | Buffer(FF name)        | Load  |
-----------------------------------+------------------------+-------+
RST                                | IBUF                   | 6     |
-----------------------------------+------------------------+-------+

Timing Summary:
---------------
Speed Grade: -5

   Minimum period: 2.362ns (Maximum Frequency: 423.361MHz)
   Minimum input arrival time before clock: 2.544ns
   Maximum output required time after clock: 5.293ns
   Maximum combinational path delay: No path found

Timing Detail:
--------------
All values displayed in nanoseconds (ns)

=========================================================================
Timing constraint: Default period analysis for Clock 'CLK'
  Clock period: 2.362ns (frequency: 423.361MHz)
  Total number of paths / destination ports: 24 / 8
-------------------------------------------------------------------------
Delay:               2.362ns (Levels of Logic = 2)
  Source:            SPGEN1/currentS_FSM_FFd2 (FF)
  Destination:       FSM0/fsm_state_FSM_FFd1 (FF)
  Source Clock:      CLK rising
  Destination Clock: CLK rising

  Data Path: SPGEN1/currentS_FSM_FFd2 to FSM0/fsm_state_FSM_FFd1
                                Gate     Net
    Cell:in->out      fanout   Delay   Delay  Logical Name (Net Name)
    ----------------------------------------  ------------
     FDC:C->Q              5   0.514   0.690  SPGEN1/currentS_FSM_FFd2 (SPGEN1/currentS_FSM_FFd2)
     LUT4:I0->O            1   0.612   0.000  FSM0/fsm_state_FSM_FFd1-In_F (N10)
     MUXF5:I0->O           1   0.278   0.000  FSM0/fsm_state_FSM_FFd1-In (FSM0/fsm_state_FSM_FFd1-In)
     FDR:D                     0.268          FSM0/fsm_state_FSM_FFd1
    ----------------------------------------
    Total                      2.362ns (1.672ns logic, 0.690ns route)
                                       (70.8% logic, 29.2% route)

=========================================================================
Timing constraint: Default OFFSET IN BEFORE for Clock 'CLK'
  Total number of paths / destination ports: 8 / 8
-------------------------------------------------------------------------
Offset:              2.544ns (Levels of Logic = 1)
  Source:            RST (PAD)
  Destination:       FSM0/fsm_state_FSM_FFd1 (FF)
  Destination Clock: CLK rising

  Data Path: RST to FSM0/fsm_state_FSM_FFd1
                                Gate     Net
    Cell:in->out      fanout   Delay   Delay  Logical Name (Net Name)
    ----------------------------------------  ------------
     IBUF:I->O             8   1.106   0.643  RST_IBUF (RST_IBUF)
     FDR:R                     0.795          FSM0/fsm_state_FSM_FFd1
    ----------------------------------------
    Total                      2.544ns (1.901ns logic, 0.643ns route)
                                       (74.7% logic, 25.3% route)

=========================================================================
Timing constraint: Default OFFSET OUT AFTER for Clock 'CLK'
  Total number of paths / destination ports: 8 / 8
-------------------------------------------------------------------------
Offset:              5.293ns (Levels of Logic = 2)
  Source:            FSM0/fsm_state_FSM_FFd1 (FF)
  Destination:       LED<7> (PAD)
  Source Clock:      CLK rising

  Data Path: FSM0/fsm_state_FSM_FFd1 to LED<7>
                                Gate     Net
    Cell:in->out      fanout   Delay   Delay  Logical Name (Net Name)
    ----------------------------------------  ------------
     FDR:C->Q              4   0.514   0.499  FSM0/fsm_state_FSM_FFd1 (FSM0/fsm_state_FSM_FFd1)
     INV:I->O              4   0.612   0.499  FSM0/fsm_state_FSM_Out11_INV_0 (LED_4_OBUF)
     OBUF:I->O                 3.169          LED_7_OBUF (LED<7>)
    ----------------------------------------
    Total                      5.293ns (4.295ns logic, 0.998ns route)
                                       (81.1% logic, 18.9% route)

=========================================================================


Total REAL time to Xst completion: 4.00 secs
Total CPU time to Xst completion: 3.71 secs
 
--> 

Total memory usage is 352124 kilobytes

Number of errors   :    0 (   0 filtered)
Number of warnings :    0 (   0 filtered)
Number of infos    :    0 (   0 filtered)

