Command line:
   LAB01_TB_LED2_isim_beh.exe
     -simmode  gui
     -simrunnum  0
     -socket  55339

Sun Mar 11 22:35:46 2018


 Elaboration Time: 0.015625 sec

 Current Memory Usage: 1026.99 Meg

 Total Signals          : 14
 Total Nets             : 12
 Total Signal Drivers   : 9
 Total Blocks           : 3
 Total Primitive Blocks : 2
 Total Processes        : 7
 Total Traceable Variables  : 8
 Total Scalar Nets and Variables : 372
Total Line Count : 26

 Total Simulation Time: 0.03125 sec

 Current Memory Usage: 1341.56 Meg

Sun Mar 11 22:36:23 2018

