Command line:
   LAB01_TB_LED6_isim_beh.exe
     -simmode  gui
     -simrunnum  0
     -socket  55816

Sun Mar 11 23:52:57 2018


 Elaboration Time: 0.015625 sec

 Current Memory Usage: 1027.01 Meg

 Total Signals          : 20
 Total Nets             : 9
 Total Signal Drivers   : 9
 Total Blocks           : 5
 Total Primitive Blocks : 3
 Total Processes        : 7
 Total Traceable Variables  : 8
 Total Scalar Nets and Variables : 369
Total Line Count : 26

 Total Simulation Time: 0.015625 sec

 Current Memory Usage: 869.72 Meg

Sun Mar 11 23:54:38 2018

