Release 13.4 - xst O.87xd (nt64)
Copyright (c) 1995-2011 Xilinx, Inc.  All rights reserved.
--> Parameter TMPDIR set to xst/projnav.tmp


Total REAL time to Xst completion: 0.00 secs
Total CPU time to Xst completion: 0.06 secs
 
--> Parameter xsthdpdir set to xst


Total REAL time to Xst completion: 0.00 secs
Total CPU time to Xst completion: 0.06 secs
 
--> Reading design: Carry_Look_Ahead_Adder.prj

TABLE OF CONTENTS
  1) Synthesis Options Summary
  2) HDL Compilation
  3) Design Hierarchy Analysis
  4) HDL Analysis
  5) HDL Synthesis
     5.1) HDL Synthesis Report
  6) Advanced HDL Synthesis
     6.1) Advanced HDL Synthesis Report
  7) Low Level Synthesis
  8) Partition Report
  9) Final Report
	9.1) Device utilization summary
	9.2) Partition Resource Summary
	9.3) TIMING REPORT


=========================================================================
*                      Synthesis Options Summary                        *
=========================================================================
---- Source Parameters
Input File Name                    : "Carry_Look_Ahead_Adder.prj"
Input Format                       : mixed
Ignore Synthesis Constraint File   : NO

---- Target Parameters
Output File Name                   : "Carry_Look_Ahead_Adder"
Output Format                      : NGC
Target Device                      : xc3s100e-5-cp132

---- Source Options
Top Module Name                    : Carry_Look_Ahead_Adder
Automatic FSM Extraction           : YES
FSM Encoding Algorithm             : Auto
Safe Implementation                : No
FSM Style                          : LUT
RAM Extraction                     : Yes
RAM Style                          : Auto
ROM Extraction                     : Yes
Mux Style                          : Auto
Decoder Extraction                 : YES
Priority Encoder Extraction        : Yes
Shift Register Extraction          : YES
Logical Shifter Extraction         : YES
XOR Collapsing                     : YES
ROM Style                          : Auto
Mux Extraction                     : Yes
Resource Sharing                   : YES
Asynchronous To Synchronous        : NO
Multiplier Style                   : Auto
Automatic Register Balancing       : No

---- Target Options
Add IO Buffers                     : YES
Global Maximum Fanout              : 500
Add Generic Clock Buffer(BUFG)     : 24
Register Duplication               : YES
Slice Packing                      : YES
Optimize Instantiated Primitives   : NO
Use Clock Enable                   : Yes
Use Synchronous Set                : Yes
Use Synchronous Reset              : Yes
Pack IO Registers into IOBs        : Auto
Equivalent register Removal        : YES

---- General Options
Optimization Goal                  : Speed
Optimization Effort                : 1
Keep Hierarchy                     : No
Netlist Hierarchy                  : As_Optimized
RTL Output                         : Yes
Global Optimization                : AllClockNets
Read Cores                         : YES
Write Timing Constraints           : NO
Cross Clock Analysis               : NO
Hierarchy Separator                : /
Bus Delimiter                      : <>
Case Specifier                     : Maintain
Slice Utilization Ratio            : 100
BRAM Utilization Ratio             : 100
Verilog 2001                       : YES
Auto BRAM Packing                  : NO
Slice Utilization Ratio Delta      : 5

=========================================================================


=========================================================================
*                          HDL Compilation                              *
=========================================================================
Compiling vhdl file "C:/Users/mgala/Documents/Xilinx Projects/LAB02_PART_A/Carry_Generate_Propagate_Unit.vhd" in Library work.
Architecture behavioral of Entity carry_generate_propagate_unit is up to date.
Compiling vhdl file "C:/Users/mgala/Documents/Xilinx Projects/LAB02_PART_A/Carry_Look_Ahead_Unit.vhd" in Library work.
Architecture behavioral of Entity carry_look_ahead_unit is up to date.
Compiling vhdl file "C:/Users/mgala/Documents/Xilinx Projects/LAB02_PART_A/Sum_Unit.vhd" in Library work.
Architecture behavioral of Entity sum_unit is up to date.
Compiling vhdl file "C:/Users/mgala/Documents/Xilinx Projects/LAB02_PART_A/Carry_Look_Ahead_Adder.vhd" in Library work.
Entity <carry_look_ahead_adder> compiled.
Entity <carry_look_ahead_adder> (Architecture <structural>) compiled.

=========================================================================
*                     Design Hierarchy Analysis                         *
=========================================================================
Analyzing hierarchy for entity <Carry_Look_Ahead_Adder> in library <work> (architecture <structural>).

Analyzing hierarchy for entity <Carry_Generate_Propagate_Unit> in library <work> (architecture <behavioral>).

Analyzing hierarchy for entity <Carry_Look_Ahead_Unit> in library <work> (architecture <behavioral>).

Analyzing hierarchy for entity <Sum_Unit> in library <work> (architecture <behavioral>).


=========================================================================
*                            HDL Analysis                               *
=========================================================================
Analyzing Entity <Carry_Look_Ahead_Adder> in library <work> (Architecture <structural>).
Entity <Carry_Look_Ahead_Adder> analyzed. Unit <Carry_Look_Ahead_Adder> generated.

Analyzing Entity <Carry_Generate_Propagate_Unit> in library <work> (Architecture <behavioral>).
Entity <Carry_Generate_Propagate_Unit> analyzed. Unit <Carry_Generate_Propagate_Unit> generated.

Analyzing Entity <Carry_Look_Ahead_Unit> in library <work> (Architecture <behavioral>).
Entity <Carry_Look_Ahead_Unit> analyzed. Unit <Carry_Look_Ahead_Unit> generated.

Analyzing Entity <Sum_Unit> in library <work> (Architecture <behavioral>).
Entity <Sum_Unit> analyzed. Unit <Sum_Unit> generated.


=========================================================================
*                           HDL Synthesis                               *
=========================================================================

Performing bidirectional port resolution...

Synthesizing Unit <Carry_Generate_Propagate_Unit>.
    Related source file is "C:/Users/mgala/Documents/Xilinx Projects/LAB02_PART_A/Carry_Generate_Propagate_Unit.vhd".
    Found 4-bit xor2 for signal <P>.
Unit <Carry_Generate_Propagate_Unit> synthesized.


Synthesizing Unit <Carry_Look_Ahead_Unit>.
    Related source file is "C:/Users/mgala/Documents/Xilinx Projects/LAB02_PART_A/Carry_Look_Ahead_Unit.vhd".
Unit <Carry_Look_Ahead_Unit> synthesized.


Synthesizing Unit <Sum_Unit>.
    Related source file is "C:/Users/mgala/Documents/Xilinx Projects/LAB02_PART_A/Sum_Unit.vhd".
    Found 4-bit xor2 for signal <S>.
Unit <Sum_Unit> synthesized.


Synthesizing Unit <Carry_Look_Ahead_Adder>.
    Related source file is "C:/Users/mgala/Documents/Xilinx Projects/LAB02_PART_A/Carry_Look_Ahead_Adder.vhd".
Unit <Carry_Look_Ahead_Adder> synthesized.


=========================================================================
HDL Synthesis Report

Macro Statistics
# Xors                                                 : 8
 1-bit xor2                                            : 8

=========================================================================

=========================================================================
*                       Advanced HDL Synthesis                          *
=========================================================================


=========================================================================
Advanced HDL Synthesis Report

Macro Statistics
# Xors                                                 : 8
 1-bit xor2                                            : 8

=========================================================================

=========================================================================
*                         Low Level Synthesis                           *
=========================================================================

Optimizing unit <Carry_Look_Ahead_Adder> ...

Mapping all equations...
Building and optimizing final netlist ...
Found area constraint ratio of 100 (+ 5) on block Carry_Look_Ahead_Adder, actual ratio is 0.

Final Macro Processing ...

=========================================================================
Final Register Report

Found no macro
=========================================================================

=========================================================================
*                           Partition Report                            *
=========================================================================

Partition Implementation Status
-------------------------------

  No Partitions were found in this design.

-------------------------------

=========================================================================
*                            Final Report                               *
=========================================================================
Final Results
RTL Top Level Output File Name     : Carry_Look_Ahead_Adder.ngr
Top Level Output File Name         : Carry_Look_Ahead_Adder
Output Format                      : NGC
Optimization Goal                  : Speed
Keep Hierarchy                     : No

Design Statistics
# IOs                              : 14

Cell Usage :
# BELS                             : 8
#      LUT3                        : 8
# IO Buffers                       : 14
#      IBUF                        : 9
#      OBUF                        : 5
=========================================================================

Device utilization summary:
---------------------------

Selected Device : 3s100ecp132-5 

 Number of Slices:                        4  out of    960     0%  
 Number of 4 input LUTs:                  8  out of   1920     0%  
 Number of IOs:                          14
 Number of bonded IOBs:                  14  out of     83    16%  

---------------------------
Partition Resource Summary:
---------------------------

  No Partitions were found in this design.

---------------------------


=========================================================================
TIMING REPORT

NOTE: THESE TIMING NUMBERS ARE ONLY A SYNTHESIS ESTIMATE.
      FOR ACCURATE TIMING INFORMATION PLEASE REFER TO THE TRACE REPORT
      GENERATED AFTER PLACE-and-ROUTE.

Clock Information:
------------------
No clock signals found in this design

Asynchronous Control Signals Information:
----------------------------------------
No asynchronous control signals found in this design

Timing Summary:
---------------
Speed Grade: -5

   Minimum period: No path found
   Minimum input arrival time before clock: No path found
   Maximum output required time after clock: No path found
   Maximum combinational path delay: 8.920ns

Timing Detail:
--------------
All values displayed in nanoseconds (ns)

=========================================================================
Timing constraint: Default path analysis
  Total number of paths / destination ports: 33 / 5
-------------------------------------------------------------------------
Delay:               8.920ns (Levels of Logic = 6)
  Source:            B<4> (PAD)
  Destination:       C3 (PAD)

  Data Path: B<4> to C3
                                Gate     Net
    Cell:in->out      fanout   Delay   Delay  Logical Name (Net Name)
    ----------------------------------------  ------------
     IBUF:I->O             2   1.106   0.532  B_4_IBUF (B_4_IBUF)
     LUT3:I0->O            2   0.612   0.410  CLAU/C_0_or00001 (C_SIGNAL<0>)
     LUT3:I2->O            2   0.612   0.449  CLAU/C_1_or0000 (C_SIGNAL<1>)
     LUT3:I1->O            2   0.612   0.449  CLAU/C_2_or00001 (C_SIGNAL<2>)
     LUT3:I1->O            1   0.612   0.357  CLAU/C_3_or00001 (C3_OBUF)
     OBUF:I->O                 3.169          C3_OBUF (C3)
    ----------------------------------------
    Total                      8.920ns (6.723ns logic, 2.197ns route)
                                       (75.4% logic, 24.6% route)

=========================================================================


Total REAL time to Xst completion: 4.00 secs
Total CPU time to Xst completion: 3.67 secs
 
--> 

Total memory usage is 352124 kilobytes

Number of errors   :    0 (   0 filtered)
Number of warnings :    0 (   0 filtered)
Number of infos    :    0 (   0 filtered)

