Command line:
   LAB02_TB_isim_beh.exe
     -simmode  gui
     -simrunnum  0
     -socket  53428

Mon Mar 26 04:27:32 2018


 Elaboration Time: 0.015625 sec

 Current Memory Usage: 1027.15 Meg

 Total Signals          : 40
 Total Nets             : 23
 Total Signal Drivers   : 16
 Total Blocks           : 9
 Total Primitive Blocks : 7
 Total Processes        : 13
 Total Traceable Variables  : 11
 Total Scalar Nets and Variables : 402
Total Line Count : 91

 Total Simulation Time: 0.140625 sec

 Current Memory Usage: 398.008 Meg

Mon Mar 26 05:16:21 2018

