Command line:
   LAB01_TB_LED0_isim_beh.exe
     -simmode  gui
     -simrunnum  0
     -socket  55239

Sun Mar 11 22:29:27 2018


 Elaboration Time: 0 sec

 Current Memory Usage: 1027.07 Meg

 Total Signals          : 14
 Total Nets             : 12
 Total Signal Drivers   : 9
 Total Blocks           : 3
 Total Primitive Blocks : 2
 Total Processes        : 7
 Total Traceable Variables  : 8
 Total Scalar Nets and Variables : 372
Total Line Count : 26

 Total Simulation Time: 0.078125 sec

 Current Memory Usage: 1027.07 Meg

Sun Mar 11 22:34:31 2018

